Using pre-set license
Built from '2022.3/staging' branch; Version is '2022.3.15f1 (b58023a2b463) revision 11894819'; Using compiler version '192829333'; Build Type 'Release'
OS: 'Windows 11  (10.0.22631) 64bit Core' Language: 'en' Physical Memory: 16052 MB
BatchMode: 1, IsHumanControllingUs: 0, StartBugReporterOnCrash: 0, Is64bit: 1, IsPro: 1

COMMAND LINE ARGUMENTS:
C:\Program Files\Unity 2022.3.15f1\Editor\Unity.exe
-adb2
-batchMode
-noUpm
-name
AssetImportWorker1
-projectPath
D:/Cibernética/4 - Programacion/Proyectos/Maze_Runners
-logFile
Logs/AssetImportWorker1.log
-srvPort
6939
Successfully changed project path to: D:/Cibernética/4 - Programacion/Proyectos/Maze_Runners
D:/Cibernética/4 - Programacion/Proyectos/Maze_Runners
[UnityMemory] Configuration Parameters - Can be set up in boot.config
    "memorysetup-bucket-allocator-granularity=16"
    "memorysetup-bucket-allocator-bucket-count=8"
    "memorysetup-bucket-allocator-block-size=33554432"
    "memorysetup-bucket-allocator-block-count=8"
    "memorysetup-main-allocator-block-size=16777216"
    "memorysetup-thread-allocator-block-size=16777216"
    "memorysetup-gfx-main-allocator-block-size=16777216"
    "memorysetup-gfx-thread-allocator-block-size=16777216"
    "memorysetup-cache-allocator-block-size=4194304"
    "memorysetup-typetree-allocator-block-size=2097152"
    "memorysetup-profiler-bucket-allocator-granularity=16"
    "memorysetup-profiler-bucket-allocator-bucket-count=8"
    "memorysetup-profiler-bucket-allocator-block-size=33554432"
    "memorysetup-profiler-bucket-allocator-block-count=8"
    "memorysetup-profiler-allocator-block-size=16777216"
    "memorysetup-profiler-editor-allocator-block-size=1048576"
    "memorysetup-temp-allocator-size-main=16777216"
    "memorysetup-job-temp-allocator-block-size=2097152"
    "memorysetup-job-temp-allocator-block-size-background=1048576"
    "memorysetup-job-temp-allocator-reduction-small-platforms=262144"
    "memorysetup-allocator-temp-initial-block-size-main=262144"
    "memorysetup-allocator-temp-initial-block-size-worker=262144"
    "memorysetup-temp-allocator-size-background-worker=32768"
    "memorysetup-temp-allocator-size-job-worker=262144"
    "memorysetup-temp-allocator-size-preload-manager=33554432"
    "memorysetup-temp-allocator-size-nav-mesh-worker=65536"
    "memorysetup-temp-allocator-size-audio-worker=65536"
    "memorysetup-temp-allocator-size-cloud-worker=32768"
    "memorysetup-temp-allocator-size-gi-baking-worker=262144"
    "memorysetup-temp-allocator-size-gfx=262144"
Player connection [24024] Host "[IP] 192.168.244.178 [Port] 0 [Flags] 2 [Guid] 621004365 [EditorId] 621004365 [Version] 1048832 [Id] WindowsEditor(7,Alejandro-Pc) [Debug] 1 [PackageName] WindowsEditor [ProjectName] Editor" joined multi-casting on [225.0.0.222:54997]...

Player connection [24024] Host "[IP] 192.168.244.178 [Port] 0 [Flags] 2 [Guid] 621004365 [EditorId] 621004365 [Version] 1048832 [Id] WindowsEditor(7,Alejandro-Pc) [Debug] 1 [PackageName] WindowsEditor [ProjectName] Editor" joined alternative multi-casting on [225.0.0.222:34997]...

[Physics::Module] Initialized MultithreadedJobDispatcher with 11 workers.
Refreshing native plugins compatible for Editor in 8.72 ms, found 4 plugins.
Preloading 0 native plugins for Editor in 0.00 ms.
Initialize engine version: 2022.3.15f1 (b58023a2b463)
[Subsystems] Discovering subsystems at path C:/Program Files/Unity 2022.3.15f1/Editor/Data/Resources/UnitySubsystems
[Subsystems] Discovering subsystems at path D:/Cibernética/4 - Programacion/Proyectos/Maze_Runners/Assets
GfxDevice: creating device client; threaded=0; jobified=0
Direct3D:
    Version:  Direct3D 11.0 [level 11.1]
    Renderer: NVIDIA GeForce GTX 1650 (ID=0x1f9d)
    Vendor:   NVIDIA
    VRAM:     3937 MB
    Driver:   32.0.15.6590
Initialize mono
Mono path[0] = 'C:/Program Files/Unity 2022.3.15f1/Editor/Data/Managed'
Mono path[1] = 'C:/Program Files/Unity 2022.3.15f1/Editor/Data/MonoBleedingEdge/lib/mono/unityjit-win32'
Mono config path = 'C:/Program Files/Unity 2022.3.15f1/Editor/Data/MonoBleedingEdge/etc'
Using monoOptions --debugger-agent=transport=dt_socket,embedding=1,server=y,suspend=n,address=127.0.0.1:56128
Begin MonoManager ReloadAssembly
Registering precompiled unity dll's ...
Register platform support module: C:/Program Files/Unity 2022.3.15f1/Editor/Data/PlaybackEngines/WindowsStandaloneSupport/UnityEditor.WindowsStandalone.Extensions.dll
Registered in 0.004755 seconds.
- Loaded All Assemblies, in  0.394 seconds
Native extension for WindowsStandalone target not found
Mono: successfully reloaded assembly
- Finished resetting the current domain, in  0.292 seconds
Domain Reload Profiling: 684ms
	BeginReloadAssembly (134ms)
		ExecutionOrderSort (0ms)
		DisableScriptedObjects (0ms)
		BackupInstance (0ms)
		ReleaseScriptingObjects (0ms)
		CreateAndSetChildDomain (1ms)
	RebuildCommonClasses (37ms)
	RebuildNativeTypeToScriptingClass (11ms)
	initialDomainReloadingComplete (55ms)
	LoadAllAssembliesAndSetupDomain (156ms)
		LoadAssemblies (131ms)
		RebuildTransferFunctionScriptingTraits (0ms)
		AnalyzeDomain (154ms)
			TypeCache.Refresh (152ms)
				TypeCache.ScanAssembly (136ms)
			ScanForSourceGeneratedMonoScriptInfo (0ms)
			ResolveRequiredComponents (1ms)
	FinalizeReload (292ms)
		ReleaseScriptCaches (0ms)
		RebuildScriptCaches (0ms)
		SetupLoadedEditorAssemblies (231ms)
			LogAssemblyErrors (0ms)
			InitializePlatformSupportModulesInManaged (9ms)
			SetLoadedEditorAssemblies (10ms)
			RefreshPlugins (0ms)
			BeforeProcessingInitializeOnLoad (2ms)
			ProcessInitializeOnLoadAttributes (159ms)
			ProcessInitializeOnLoadMethodAttributes (51ms)
			AfterProcessingInitializeOnLoad (0ms)
			EditorAssembliesLoaded (0ms)
		ExecutionOrderSort2 (0ms)
		AwakeInstancesAfterBackupRestoration (0ms)
========================================================================
Worker process is ready to serve import requests
Begin MonoManager ReloadAssembly
- Loaded All Assemblies, in  0.628 seconds
Refreshing native plugins compatible for Editor in 3.42 ms, found 4 plugins.
Native extension for WindowsStandalone target not found
Package Manager log level set to [2]
[Package Manager] Server::EnsureServerProcessIsRunning -- launch failed, reason: Unity was launched with the -noUpm command-line argument
[Package Manager] UpmClient::Send -- Unable to send message (not connected to UPM process).
[Package Manager] Cannot connect to Unity Package Manager local server
Mono: successfully reloaded assembly
- Finished resetting the current domain, in  0.626 seconds
Domain Reload Profiling: 1253ms
	BeginReloadAssembly (150ms)
		ExecutionOrderSort (0ms)
		DisableScriptedObjects (6ms)
		BackupInstance (0ms)
		ReleaseScriptingObjects (0ms)
		CreateAndSetChildDomain (20ms)
	RebuildCommonClasses (30ms)
	RebuildNativeTypeToScriptingClass (9ms)
	initialDomainReloadingComplete (38ms)
	LoadAllAssembliesAndSetupDomain (398ms)
		LoadAssemblies (301ms)
		RebuildTransferFunctionScriptingTraits (0ms)
		AnalyzeDomain (182ms)
			TypeCache.Refresh (154ms)
				TypeCache.ScanAssembly (138ms)
			ScanForSourceGeneratedMonoScriptInfo (21ms)
			ResolveRequiredComponents (5ms)
	FinalizeReload (627ms)
		ReleaseScriptCaches (0ms)
		RebuildScriptCaches (0ms)
		SetupLoadedEditorAssemblies (468ms)
			LogAssemblyErrors (0ms)
			InitializePlatformSupportModulesInManaged (5ms)
			SetLoadedEditorAssemblies (4ms)
			RefreshPlugins (0ms)
			BeforeProcessingInitializeOnLoad (65ms)
			ProcessInitializeOnLoadAttributes (346ms)
			ProcessInitializeOnLoadMethodAttributes (40ms)
			AfterProcessingInitializeOnLoad (7ms)
			EditorAssembliesLoaded (0ms)
		ExecutionOrderSort2 (0ms)
		AwakeInstancesAfterBackupRestoration (7ms)
Launched and connected shader compiler UnityShaderCompiler.exe after 0.06 seconds
Refreshing native plugins compatible for Editor in 3.80 ms, found 4 plugins.
Preloading 0 native plugins for Editor in 0.00 ms.
Unloading 4080 Unused Serialized files (Serialized files now loaded: 0)
Unloading 70 unused Assets / (244.6 KB). Loaded Objects now: 4538.
Memory consumption went from 149.3 MB to 149.1 MB.
Total: 3.362700 ms (FindLiveObjects: 0.264800 ms CreateObjectMapping: 0.143500 ms MarkObjects: 2.741000 ms  DeleteObjects: 0.212500 ms)

AssetImportParameters requested are different than current active one (requested -> active):
  custom:container-demuxer-ogg: 62fdf1f143b41e24485cea50d1cbac27 -> 
  custom:video-decoder-ogg-theora: a1e56fd34408186e4bbccfd4996cb3dc -> 
  custom:framework-win-MediaFoundation: 216162199b28c13a410421893ffa2e32 -> 
  custom:CustomObjectIndexerAttribute: 43b350a4d6e6d1791af0b5038c4bea17 -> 
  custom:container-demuxer-webm: 4f35f7cbe854078d1ac9338744f61a02 -> 
  custom:container-muxer-webm: aa71ff27fc2769a1b78a27578f13a17b -> 
  custom:video-decoder-webm-vp8: 9c59270c3fd7afecdb556c50c9e8de78 -> 
  custom:SearchIndexIgnoredProperties: e643bd26f0fe6173181afceb89e7c659 -> 
  custom:AudioImporter_EditorPlatform: d09bf68614088b80899f8185d706f6e7 -> 
  custom:video-encoder-webm-vp8: eb34c28f22e8b96e1ab97ce403110664 -> 
  custom:audio-decoder-ogg-vorbis: bf7c407c2cedff20999df2af8eb42d56 -> 
  custom:audio-encoder-webm-vorbis: bf7c407c2cedff20999df2af8eb42d56 -> 
========================================================================
Received Import Request.
  Time since last request: 190887.490512 seconds.
  path: Assets/Scripts/TokenSkill.cs
  artifactKey: Guid(24cca2a35bd0cfc46931edd8e605e3fc) Importer(815301076,1909f56bfc062723c751e8b465ee728b)
Start importing Assets/Scripts/TokenSkill.cs using Guid(24cca2a35bd0cfc46931edd8e605e3fc) Importer(815301076,1909f56bfc062723c751e8b465ee728b)  -> (artifact id: '123cb5e63efbaa275c7999351b35eed1') in 0.003236 seconds
Number of updated asset objects reloaded before import = 0
Number of asset objects unloaded after import = 0
========================================================================
Received Import Request.
  Time since last request: 0.000028 seconds.
  path: Assets/Scripts/TokenMove.cs
  artifactKey: Guid(d093eee23b4753548872fbff6f2f444e) Importer(815301076,1909f56bfc062723c751e8b465ee728b)
Start importing Assets/Scripts/TokenMove.cs using Guid(d093eee23b4753548872fbff6f2f444e) Importer(815301076,1909f56bfc062723c751e8b465ee728b)  -> (artifact id: '8bb19da53fd07c45b116a65618a1eb27') in 0.000465 seconds
Number of updated asset objects reloaded before import = 0
Number of asset objects unloaded after import = 0
========================================================================
Received Import Request.
  Time since last request: 0.000057 seconds.
  path: Assets/Scripts/DataBaseTokens.cs
  artifactKey: Guid(8d79b8b5cd5a3874182391a6ea177420) Importer(815301076,1909f56bfc062723c751e8b465ee728b)
Start importing Assets/Scripts/DataBaseTokens.cs using Guid(8d79b8b5cd5a3874182391a6ea177420) Importer(815301076,1909f56bfc062723c751e8b465ee728b)  -> (artifact id: '6a55a5c702b33bed44443b426059c577') in 0.000353 seconds
Number of updated asset objects reloaded before import = 0
Number of asset objects unloaded after import = 0
========================================================================
Received Import Request.
  Time since last request: 2740.975101 seconds.
  path: Assets/Resources/BackToMenuL.png
  artifactKey: Guid(40f04b0af51e1ae4db3b9bc7000b4c22) Importer(815301076,1909f56bfc062723c751e8b465ee728b)
Start importing Assets/Resources/BackToMenuL.png using Guid(40f04b0af51e1ae4db3b9bc7000b4c22) Importer(815301076,1909f56bfc062723c751e8b465ee728b)  -> (artifact id: '6990ed2db036b2450b8177c8682c6464') in 0.268204 seconds
Number of updated asset objects reloaded before import = 0
Number of asset objects unloaded after import = 3
========================================================================
Received Import Request.
  Time since last request: 0.000045 seconds.
  path: Assets/Resources/ButtonDefault.png
  artifactKey: Guid(7c453c25fc651c7429dfa99cda8f6eaf) Importer(815301076,1909f56bfc062723c751e8b465ee728b)
Start importing Assets/Resources/ButtonDefault.png using Guid(7c453c25fc651c7429dfa99cda8f6eaf) Importer(815301076,1909f56bfc062723c751e8b465ee728b)  -> (artifact id: 'd6d587b3405ff408cfbf5d593d630afb') in 0.049578 seconds
Number of updated asset objects reloaded before import = 0
Number of asset objects unloaded after import = 3
========================================================================
Received Import Request.
  Time since last request: 0.000036 seconds.
  path: Assets/Resources/TutorialP.png
  artifactKey: Guid(2fccb5f0ccfbfc241af63d418ed2be3c) Importer(815301076,1909f56bfc062723c751e8b465ee728b)
Start importing Assets/Resources/TutorialP.png using Guid(2fccb5f0ccfbfc241af63d418ed2be3c) Importer(815301076,1909f56bfc062723c751e8b465ee728b)  -> (artifact id: '2ad595a60b87f5d2b0f9c529d39b9213') in 0.046312 seconds
Number of updated asset objects reloaded before import = 0
Number of asset objects unloaded after import = 3
========================================================================
Received Import Request.
  Time since last request: 0.000564 seconds.
  path: Assets/Resources/TurnEndL.png
  artifactKey: Guid(768e569723bf81343844d9490ae1cd24) Importer(815301076,1909f56bfc062723c751e8b465ee728b)
Start importing Assets/Resources/TurnEndL.png using Guid(768e569723bf81343844d9490ae1cd24) Importer(815301076,1909f56bfc062723c751e8b465ee728b)  -> (artifact id: '997d2beef195ec772576fe849c153428') in 0.046939 seconds
Number of updated asset objects reloaded before import = 0
Number of asset objects unloaded after import = 3
========================================================================
Received Import Request.
  Time since last request: 0.000026 seconds.
  path: Assets/Resources/Confirm.png
  artifactKey: Guid(21ac17711ab2dff4e8d31c0ff72136d3) Importer(815301076,1909f56bfc062723c751e8b465ee728b)
Start importing Assets/Resources/Confirm.png using Guid(21ac17711ab2dff4e8d31c0ff72136d3) Importer(815301076,1909f56bfc062723c751e8b465ee728b)  -> (artifact id: '8a78c5131c87acf918bf1f0c2d541011') in 0.041771 seconds
Number of updated asset objects reloaded before import = 0
Number of asset objects unloaded after import = 3
========================================================================
Received Import Request.
  Time since last request: 0.000040 seconds.
  path: Assets/Resources/Skill.png
  artifactKey: Guid(e1b82cebd604e8e49aada88fb147f245) Importer(815301076,1909f56bfc062723c751e8b465ee728b)
Start importing Assets/Resources/Skill.png using Guid(e1b82cebd604e8e49aada88fb147f245) Importer(815301076,1909f56bfc062723c751e8b465ee728b)  -> (artifact id: '2412f6aa2e337e3f466527f9d5dbf790') in 0.037053 seconds
Number of updated asset objects reloaded before import = 0
Number of asset objects unloaded after import = 3
========================================================================
Received Import Request.
  Time since last request: 0.000264 seconds.
  path: Assets/Resources/TurnEndP.png
  artifactKey: Guid(7bcd1bef1045315429f052fbb4e168ba) Importer(815301076,1909f56bfc062723c751e8b465ee728b)
Start importing Assets/Resources/TurnEndP.png using Guid(7bcd1bef1045315429f052fbb4e168ba) Importer(815301076,1909f56bfc062723c751e8b465ee728b)  -> (artifact id: 'c781ef6f625356663ee7acddb3ef63fa') in 0.043652 seconds
Number of updated asset objects reloaded before import = 0
Number of asset objects unloaded after import = 3
========================================================================
Received Import Request.
  Time since last request: 0.000053 seconds.
  path: Assets/Resources/Tutorial.png
  artifactKey: Guid(3f0e33218113c0847b1d808b18bfde49) Importer(815301076,1909f56bfc062723c751e8b465ee728b)
Start importing Assets/Resources/Tutorial.png using Guid(3f0e33218113c0847b1d808b18bfde49) Importer(815301076,1909f56bfc062723c751e8b465ee728b)  -> (artifact id: '0452699d6b98d7d418fb19cb776ada6e') in 0.035852 seconds
Number of updated asset objects reloaded before import = 0
Number of asset objects unloaded after import = 3
========================================================================
Received Import Request.
  Time since last request: 0.000034 seconds.
  path: Assets/Resources/TurnEnd.png
  artifactKey: Guid(55699bf79ed7b144eb674bde6463c916) Importer(815301076,1909f56bfc062723c751e8b465ee728b)
Start importing Assets/Resources/TurnEnd.png using Guid(55699bf79ed7b144eb674bde6463c916) Importer(815301076,1909f56bfc062723c751e8b465ee728b)  -> (artifact id: 'c26908b42de3a613ff904341b97c1506') in 0.034403 seconds
Number of updated asset objects reloaded before import = 0
Number of asset objects unloaded after import = 3
========================================================================
Received Import Request.
  Time since last request: 0.000032 seconds.
  path: Assets/Resources/ExitP.png
  artifactKey: Guid(c221e98623c7e024290bb93b0a460f4a) Importer(815301076,1909f56bfc062723c751e8b465ee728b)
Start importing Assets/Resources/ExitP.png using Guid(c221e98623c7e024290bb93b0a460f4a) Importer(815301076,1909f56bfc062723c751e8b465ee728b)  -> (artifact id: '5f22a80f6151c87fe83f6e421ada3fe1') in 0.036316 seconds
Number of updated asset objects reloaded before import = 0
Number of asset objects unloaded after import = 3
========================================================================
Received Import Request.
  Time since last request: 0.000032 seconds.
  path: Assets/Resources/Exit.png
  artifactKey: Guid(d4fa7bb6b9608b843a26170e46d95a6b) Importer(815301076,1909f56bfc062723c751e8b465ee728b)
Start importing Assets/Resources/Exit.png using Guid(d4fa7bb6b9608b843a26170e46d95a6b) Importer(815301076,1909f56bfc062723c751e8b465ee728b)  -> (artifact id: '411bee3cf3af7be166069df40604c129') in 0.037327 seconds
Number of updated asset objects reloaded before import = 0
Number of asset objects unloaded after import = 3
========================================================================
Received Import Request.
  Time since last request: 0.000220 seconds.
  path: Assets/Resources/ExitL.png
  artifactKey: Guid(0577cbc8398b494499383cd4ec9cddb8) Importer(815301076,1909f56bfc062723c751e8b465ee728b)
Start importing Assets/Resources/ExitL.png using Guid(0577cbc8398b494499383cd4ec9cddb8) Importer(815301076,1909f56bfc062723c751e8b465ee728b)  -> (artifact id: 'b9d2c391e44c2696e24edca5566629d3') in 0.040616 seconds
Number of updated asset objects reloaded before import = 0
Number of asset objects unloaded after import = 3
Editor requested this worker to shutdown with reason: Scaling down because of idle timeout
TcpMessagingSession - receive error: operation aborted. errorcode: 995, details: The I/O operation has been aborted because of either a thread exit or an application request.
AssetImportWorker is now disconnected from the server
Process exiting
Exiting without the bug reporter. Application will terminate with return code 0